<?xml version="1.0" encoding="UTF-8" ?>
<testsuite tests="8" failures="0" name="com.ssm.mapper.sigths.SightsMapperTest" time="11.533" errors="1" skipped="0">
  <properties>
[...]
</properties>
  <testcase classname="com.ssm.mapper.sigths.SightsMapperTest" name="testAdd" time="3.505"/>
  <testcase classname="com.ssm.mapper.sigths.SightsMapperTest" name="testSelectBySightsLocation" time="0.908"/>
  <testcase classname="com.ssm.mapper.sigths.SightsMapperTest" name="testSelectCountByCondition" time="1.297"/>
  <testcase classname="com.ssm.mapper.sigths.SightsMapperTest" name="testDelete" time="1.287"/>
  <testcase classname="com.ssm.mapper.sigths.SightsMapperTest" name="testSelectSightsListByPage" time="0.992"/>
  <testcase classname="com.ssm.mapper.sigths.SightsMapperTest" name="testUpdate" time="0.427">
    <error message="nested exception is org.apache.ibatis.exceptions.PersistenceException: 
### Error updating database.  Cause: java.lang.NullPointerException
### Cause: java.lang.NullPointerException" type="org.mybatis.spring.MyBatisSystemException">org.mybatis.spring.MyBatisSystemException: nested exception is org.apache.ibatis.exceptions.PersistenceException: 
### Error updating database.  Cause: java.lang.NullPointerException
### Cause: java.lang.NullPointerException
	at org.mybatis.spring.MyBatisExceptionTranslator.translateExceptionIfPossible(MyBatisExceptionTranslator.java:75)
	at org.mybatis.spring.SqlSessionTemplate$SqlSessionInterceptor.invoke(SqlSessionTemplate.java:371)
	at com.sun.proxy.$Proxy14.update(Unknown Source)
	at org.mybatis.spring.SqlSessionTemplate.update(SqlSessionTemplate.java:254)
	at org.apache.ibatis.binding.MapperMethod.execute(MapperMethod.java:54)
	at org.apache.ibatis.binding.MapperProxy.invoke(MapperProxy.java:52)
	at com.sun.proxy.$Proxy25.update(Unknown Source)
	at com.ssm.mapper.sigths.SightsMapperTest.testUpdate(SightsMapperTest.java:114)
	at sun.reflect.NativeMethodAccessorImpl.invoke0(Native Method)
	at sun.reflect.NativeMethodAccessorImpl.invoke(NativeMethodAccessorImpl.java:62)
	at sun.reflect.DelegatingMethodAccessorImpl.invoke(DelegatingMethodAccessorImpl.java:43)
	at java.lang.reflect.Method.invoke(Method.java:497)
	at org.junit.runners.model.FrameworkMethod$1.runReflectiveCall(FrameworkMethod.java:50)
	at org.junit.internal.runners.model.ReflectiveCallable.run(ReflectiveCallable.java:12)
	at org.junit.runners.model.FrameworkMethod.invokeExplosively(FrameworkMethod.java:47)
	at org.junit.internal.runners.statements.InvokeMethod.evaluate(InvokeMethod.java:17)
	at org.junit.internal.runners.statements.RunBefores.evaluate(RunBefores.java:26)
	at org.junit.runners.ParentRunner.runLeaf(ParentRunner.java:325)
	at org.junit.runners.BlockJUnit4ClassRunner.runChild(BlockJUnit4ClassRunner.java:78)
	at org.junit.runners.BlockJUnit4ClassRunner.runChild(BlockJUnit4ClassRunner.java:57)
	at org.junit.runners.ParentRunner$3.run(ParentRunner.java:290)
	at org.junit.runners.ParentRunner$1.schedule(ParentRunner.java:71)
	at org.junit.runners.ParentRunner.runChildren(ParentRunner.java:288)
	at org.junit.runners.ParentRunner.access$000(ParentRunner.java:58)
	at org.junit.runners.ParentRunner$2.evaluate(ParentRunner.java:268)
	at org.junit.runners.ParentRunner.run(ParentRunner.java:363)
	at org.apache.maven.surefire.junit4.JUnit4TestSet.execute(JUnit4TestSet.java:53)
	at org.apache.maven.surefire.junit4.JUnit4Provider.executeTestSet(JUnit4Provider.java:123)
	at org.apache.maven.surefire.junit4.JUnit4Provider.invoke(JUnit4Provider.java:104)
	at sun.reflect.NativeMethodAccessorImpl.invoke0(Native Method)
	at sun.reflect.NativeMethodAccessorImpl.invoke(NativeMethodAccessorImpl.java:62)
	at sun.reflect.DelegatingMethodAccessorImpl.invoke(DelegatingMethodAccessorImpl.java:43)
	at java.lang.reflect.Method.invoke(Method.java:497)
	at org.apache.maven.surefire.util.ReflectionUtils.invokeMethodWithArray(ReflectionUtils.java:164)
	at org.apache.maven.surefire.booter.ProviderFactory$ProviderProxy.invoke(ProviderFactory.java:110)
	at org.apache.maven.surefire.booter.SurefireStarter.invokeProvider(SurefireStarter.java:175)
	at org.apache.maven.surefire.booter.SurefireStarter.runSuitesInProcessWhenForked(SurefireStarter.java:107)
	at org.apache.maven.surefire.booter.ForkedBooter.main(ForkedBooter.java:68)
Caused by: org.apache.ibatis.exceptions.PersistenceException: 
### Error updating database.  Cause: java.lang.NullPointerException
### Cause: java.lang.NullPointerException
	at org.apache.ibatis.exceptions.ExceptionFactory.wrapException(ExceptionFactory.java:26)
	at org.apache.ibatis.session.defaults.DefaultSqlSession.update(DefaultSqlSession.java:154)
	at sun.reflect.NativeMethodAccessorImpl.invoke0(Native Method)
	at sun.reflect.NativeMethodAccessorImpl.invoke(NativeMethodAccessorImpl.java:62)
	at sun.reflect.DelegatingMethodAccessorImpl.invoke(DelegatingMethodAccessorImpl.java:43)
	at java.lang.reflect.Method.invoke(Method.java:497)
	at org.mybatis.spring.SqlSessionTemplate$SqlSessionInterceptor.invoke(SqlSessionTemplate.java:358)
	... 36 more
Caused by: java.lang.NullPointerException
	at com.ssm.entity.sights.Sights.getNewPrice(Sights.java:39)
	at sun.reflect.NativeMethodAccessorImpl.invoke0(Native Method)
	at sun.reflect.NativeMethodAccessorImpl.invoke(NativeMethodAccessorImpl.java:62)
	at sun.reflect.DelegatingMethodAccessorImpl.invoke(DelegatingMethodAccessorImpl.java:43)
	at java.lang.reflect.Method.invoke(Method.java:497)
	at org.apache.ibatis.reflection.invoker.MethodInvoker.invoke(MethodInvoker.java:40)
	at org.apache.ibatis.reflection.wrapper.BeanWrapper.getBeanProperty(BeanWrapper.java:154)
	at org.apache.ibatis.reflection.wrapper.BeanWrapper.get(BeanWrapper.java:48)
	at org.apache.ibatis.reflection.MetaObject.getValue(MetaObject.java:116)
	at org.apache.ibatis.scripting.xmltags.DynamicContext$ContextMap.get(DynamicContext.java:97)
	at org.apache.ibatis.scripting.xmltags.DynamicContext$ContextAccessor.getProperty(DynamicContext.java:116)
	at org.apache.ibatis.ognl.OgnlRuntime.getProperty(OgnlRuntime.java:1657)
	at org.apache.ibatis.ognl.ASTProperty.getValueBody(ASTProperty.java:92)
	at org.apache.ibatis.ognl.SimpleNode.evaluateGetValueBody(SimpleNode.java:170)
	at org.apache.ibatis.ognl.SimpleNode.getValue(SimpleNode.java:210)
	at org.apache.ibatis.ognl.ASTNotEq.getValueBody(ASTNotEq.java:49)
	at org.apache.ibatis.ognl.SimpleNode.evaluateGetValueBody(SimpleNode.java:170)
	at org.apache.ibatis.ognl.SimpleNode.getValue(SimpleNode.java:210)
	at org.apache.ibatis.ognl.Ognl.getValue(Ognl.java:333)
	at org.apache.ibatis.ognl.Ognl.getValue(Ognl.java:413)
	at org.apache.ibatis.ognl.Ognl.getValue(Ognl.java:395)
	at org.apache.ibatis.scripting.xmltags.OgnlCache.getValue(OgnlCache.java:48)
	at org.apache.ibatis.scripting.xmltags.ExpressionEvaluator.evaluateBoolean(ExpressionEvaluator.java:32)
	at org.apache.ibatis.scripting.xmltags.IfSqlNode.apply(IfSqlNode.java:33)
	at org.apache.ibatis.scripting.xmltags.MixedSqlNode.apply(MixedSqlNode.java:32)
	at org.apache.ibatis.scripting.xmltags.TrimSqlNode.apply(TrimSqlNode.java:54)
	at org.apache.ibatis.scripting.xmltags.MixedSqlNode.apply(MixedSqlNode.java:32)
	at org.apache.ibatis.scripting.xmltags.DynamicSqlSource.getBoundSql(DynamicSqlSource.java:40)
	at org.apache.ibatis.mapping.MappedStatement.getBoundSql(MappedStatement.java:278)
	at org.apache.ibatis.executor.statement.BaseStatementHandler.&lt;init&gt;(BaseStatementHandler.java:64)
	at org.apache.ibatis.executor.statement.PreparedStatementHandler.&lt;init&gt;(PreparedStatementHandler.java:39)
	at org.apache.ibatis.executor.statement.RoutingStatementHandler.&lt;init&gt;(RoutingStatementHandler.java:45)
	at org.apache.ibatis.session.Configuration.newStatementHandler(Configuration.java:468)
	at org.apache.ibatis.executor.SimpleExecutor.doUpdate(SimpleExecutor.java:46)
	at org.apache.ibatis.executor.BaseExecutor.update(BaseExecutor.java:105)
	at org.apache.ibatis.executor.CachingExecutor.update(CachingExecutor.java:71)
	at org.apache.ibatis.session.defaults.DefaultSqlSession.update(DefaultSqlSession.java:152)
	... 41 more
</error>
  </testcase>
  <testcase classname="com.ssm.mapper.sigths.SightsMapperTest" name="testQuerySightsListByCondition" time="1.592"/>
  <testcase classname="com.ssm.mapper.sigths.SightsMapperTest" name="testSelectById" time="1.524"/>
</testsuite>